Data updated: 13:18:01
[Paint 812b9bf] Auto-update stats: 13:18:01
 1 file changed, 2 insertions(+), 2 deletions(-)
fatal: could not read Username for 'https://github.com': No such device or address
Pushed to GitHub successfully.
Data updated: 13:19:01
[Paint cf1723b] Auto-update stats: 13:19:01
 1 file changed, 2 insertions(+), 2 deletions(-)
fatal: could not read Username for 'https://github.com': No such device or address
Pushed to GitHub successfully.
Data updated: 13:20:01
[Paint 7e1d004] Auto-update stats: 13:20:01
 1 file changed, 2 insertions(+), 2 deletions(-)
fatal: could not read Username for 'https://github.com': No such device or address
Pushed to GitHub successfully.
Data updated: 20:21:01
[Paint 3414d71] Auto-update stats: 20:21:01
 1 file changed, 3 insertions(+), 3 deletions(-)
fatal: could not read Username for 'https://github.com': No such device or address
Pushed to GitHub successfully.
Data updated: 20:22:01
[Paint 83f9ce3] Auto-update stats: 20:22:01
 1 file changed, 3 insertions(+), 3 deletions(-)
fatal: could not read Username for 'https://github.com': No such device or address
Pushed to GitHub successfully.
Data updated: 20:23:01
[Paint 34e2308] Auto-update stats: 20:23:01
 1 file changed, 2 insertions(+), 2 deletions(-)
fatal: could not read Username for 'https://github.com': No such device or address
Pushed to GitHub successfully.
Data updated: 20:24:01
[Paint e6e4c3e] Auto-update stats: 20:24:01
 1 file changed, 2 insertions(+), 2 deletions(-)
fatal: could not read Username for 'https://github.com': No such device or address
Pushed to GitHub successfully.
Data updated: 20:25:01
[Paint 46c841c] Auto-update stats: 20:25:01
 1 file changed, 1 insertion(+), 1 deletion(-)
fatal: could not read Username for 'https://github.com': No such device or address
Pushed to GitHub successfully.
Data updated: 20:26:02
[Paint f5e8f7e] Auto-update stats: 20:26:02
 1 file changed, 1 insertion(+), 1 deletion(-)
fatal: could not read Username for 'https://github.com': No such device or address
Pushed to GitHub successfully.
Data updated: 20:27:01
[Paint 5fa1e11] Auto-update stats: 20:27:01
 1 file changed, 2 insertions(+), 2 deletions(-)
fatal: could not read Username for 'https://github.com': No such device or address
Pushed to GitHub successfully.
Data updated: 20:28:01
[Paint 1d81d1c] Auto-update stats: 20:28:01
 1 file changed, 2 insertions(+), 2 deletions(-)
fatal: could not read Username for 'https://github.com': No such device or address
Pushed to GitHub successfully.
Data updated: 20:29:01
[Paint 500cccc] Auto-update stats: 20:29:01
 1 file changed, 2 insertions(+), 2 deletions(-)
fatal: could not read Username for 'https://github.com': No such device or address
Pushed to GitHub successfully.
Data updated: 20:30:01
[Paint ab21559] Auto-update stats: 20:30:01
 1 file changed, 2 insertions(+), 2 deletions(-)
To https://github.com/67070018Chanyaphat/bookkruf
   cfc9ad2..ab21559  Paint -> Paint
Pushed to GitHub successfully.
Data updated: 20:31:01
[Paint df3a8ed] Auto-update stats: 20:31:01
 1 file changed, 2 insertions(+), 2 deletions(-)
To https://github.com/67070018Chanyaphat/bookkruf
   ab21559..df3a8ed  Paint -> Paint
Pushed to GitHub successfully.
Data updated: 20:32:01
[Paint 6602893] Auto-update stats: 20:32:01
 1 file changed, 2 insertions(+), 2 deletions(-)
To https://github.com/67070018Chanyaphat/bookkruf
   df3a8ed..6602893  Paint -> Paint
Pushed to GitHub successfully.
Data updated: 20:33:01
[Paint 427c4f8] Auto-update stats: 20:33:01
 1 file changed, 2 insertions(+), 2 deletions(-)
To https://github.com/67070018Chanyaphat/bookkruf
   6602893..427c4f8  Paint -> Paint
Pushed to GitHub successfully.
Data updated: 20:34:01
[Paint 80373fc] Auto-update stats: 20:34:01
 1 file changed, 1 insertion(+), 1 deletion(-)
To https://github.com/67070018Chanyaphat/bookkruf
   427c4f8..80373fc  Paint -> Paint
Pushed to GitHub successfully.
Data updated: 20:35:01
[Paint cbab38d] Auto-update stats: 20:35:01
 1 file changed, 2 insertions(+), 2 deletions(-)
To https://github.com/67070018Chanyaphat/bookkruf
   80373fc..cbab38d  Paint -> Paint
Pushed to GitHub successfully.
Data updated: 20:36:01
[Paint b1ed711] Auto-update stats: 20:36:01
 1 file changed, 2 insertions(+), 2 deletions(-)
To https://github.com/67070018Chanyaphat/bookkruf
   cbab38d..b1ed711  Paint -> Paint
Pushed to GitHub successfully.
Data updated: 20:37:01
[Paint cf83f7b] Auto-update stats: 20:37:01
 1 file changed, 2 insertions(+), 2 deletions(-)
To https://github.com/67070018Chanyaphat/bookkruf
   b1ed711..cf83f7b  Paint -> Paint
Pushed to GitHub successfully.
Data updated: 20:38:01
[Paint 3bf6d1a] Auto-update stats: 20:38:01
 1 file changed, 2 insertions(+), 2 deletions(-)
To https://github.com/67070018Chanyaphat/bookkruf
   cf83f7b..3bf6d1a  Paint -> Paint
Pushed to GitHub successfully.
Data updated: 20:39:01
[Paint e6524d4] Auto-update stats: 20:39:01
 1 file changed, 1 insertion(+), 1 deletion(-)
To https://github.com/67070018Chanyaphat/bookkruf
   3bf6d1a..e6524d4  Paint -> Paint
Pushed to GitHub successfully.
Data updated: 20:40:01
[Paint 7d34d86] Auto-update stats: 20:40:01
 1 file changed, 5 insertions(+), 5 deletions(-)
To https://github.com/67070018Chanyaphat/bookkruf
   cbbed9a..7d34d86  Paint -> Paint
Pushed to GitHub successfully.
Data updated: 20:45:01 (With Mock Data if needed)
[Paint 6534751] Auto-update stats: 20:45:01
 1 file changed, 5 insertions(+), 5 deletions(-)
To https://github.com/67070018Chanyaphat/bookkruf
   f618edd..6534751  Paint -> Paint
Pushed to GitHub successfully.
